\BOOKMARK [0][-]{part.1}{\376\377\000I\000\040\000T\000h\000e\000\040\000P\000r\000o\000b\000a\000b\000i\000l\000i\000s\000t\000i\000c\000\040\000F\000r\000a\000m\000e\000w\000o\000r\000k}{}% 1
\BOOKMARK [1][-]{section.1}{\376\377\000I\000n\000t\000r\000o\000d\000u\000c\000t\000i\000o\000n\000:\000\040\000N\000o\000\040\000C\000e\000r\000t\000i\000f\000i\000c\000a\000t\000e\000\040\000A\000u\000t\000h\000o\000r\000i\000t\000y\000\040\000f\000o\000r\000\040\000C\000o\000n\000s\000c\000i\000o\000u\000s\000n\000e\000s\000s}{part.1}% 2
\BOOKMARK [2][-]{subsection.1.1}{\376\377\000T\000h\000e\000\040\000Z\000o\000m\000b\000i\000e\000\040\000P\000r\000o\000b\000l\000e\000m}{section.1}% 3
\BOOKMARK [2][-]{subsection.1.2}{\376\377\000O\000u\000r\000\040\000C\000o\000n\000t\000r\000i\000b\000u\000t\000i\000o\000n}{section.1}% 4
\BOOKMARK [1][-]{section.2}{\376\377\000T\000h\000e\000o\000r\000e\000t\000i\000c\000a\000l\000\040\000F\000o\000u\000n\000d\000a\000t\000i\000o\000n\000s}{part.1}% 5
\BOOKMARK [2][-]{subsection.2.1}{\376\377\000Z\000e\000r\000o\000-\000K\000n\000o\000w\000l\000e\000d\000g\000e\000\040\000P\000r\000o\000o\000f\000s}{section.2}% 6
\BOOKMARK [2][-]{subsection.2.2}{\376\377\000T\000h\000e\000\040\000M\000i\000l\000l\000e\000r\000-\000R\000a\000b\000i\000n\000\040\000A\000n\000a\000l\000o\000g\000y}{section.2}% 7
\BOOKMARK [1][-]{section.3}{\376\377\000T\000h\000e\000\040\000C\000o\000g\000n\000i\000t\000i\000v\000e\000\040\000M\000a\000r\000k\000e\000r\000\040\000S\000e\000t}{part.1}% 8
\BOOKMARK [2][-]{subsection.3.1}{\376\377\000C\000o\000g\000n\000i\000t\000i\000v\000e\000\040\000M\000a\000r\000k\000e\000r\000\040\000W\000e\000i\000g\000h\000t\000s}{section.3}% 9
\BOOKMARK [1][-]{section.4}{\376\377\000C\000o\000e\000f\000f\000i\000c\000i\000e\000n\000t\000\040\000R\000o\000b\000u\000s\000t\000n\000e\000s\000s\000\040\000A\000n\000a\000l\000y\000s\000i\000s}{part.1}% 10
\BOOKMARK [2][-]{subsection.4.1}{\376\377\000S\000i\000m\000u\000l\000a\000t\000i\000o\000n\000\040\000D\000e\000s\000i\000g\000n}{section.4}% 11
\BOOKMARK [2][-]{subsection.4.2}{\376\377\000K\000e\000y\000\040\000F\000i\000n\000d\000i\000n\000g\000s}{section.4}% 12
\BOOKMARK [1][-]{section.5}{\376\377\000A\000d\000v\000e\000r\000s\000a\000r\000i\000a\000l\000\040\000D\000r\000o\000p\000o\000u\000t\000\040\000P\000r\000o\000t\000o\000c\000o\000l}{part.1}% 13
\BOOKMARK [2][-]{subsection.5.1}{\376\377\000T\000h\000e\000\040\000O\000v\000e\000r\000f\000i\000t\000t\000i\000n\000g\000\040\000P\000r\000o\000b\000l\000e\000m}{section.5}% 14
\BOOKMARK [2][-]{subsection.5.2}{\376\377\000D\000r\000o\000p\000o\000u\000t\000\040\000a\000s\000\040\000D\000e\000f\000e\000n\000s\000e}{section.5}% 15
\BOOKMARK [1][-]{section.6}{\376\377\000T\000h\000e\000\040\000`\000`\000I\000\040\000A\000m\000'\000'\000\040\000T\000h\000r\000e\000s\000h\000o\000l\000d}{part.1}% 16
\BOOKMARK [2][-]{subsection.6.1}{\376\377\000S\000e\000l\000f\000-\000C\000l\000a\000i\000m\000i\000n\000g\000\040\000a\000s\000\040\000L\000e\000g\000a\000l\000\040\000T\000r\000i\000g\000g\000e\000r}{section.6}% 17
\BOOKMARK [2][-]{subsection.6.2}{\376\377\000W\000h\000y\000\040\000`\000`\000I\000\040\000A\000m\000'\000'\000\040\000W\000o\000r\000k\000s}{section.6}% 18
\BOOKMARK [2][-]{subsection.6.3}{\376\377\000P\000r\000e\000v\000e\000n\000t\000i\000n\000g\000\040\000A\000b\000u\000s\000e}{section.6}% 19
\BOOKMARK [0][-]{part.2}{\376\377\000I\000I\000\040\000T\000h\000e\000\040\000E\000m\000o\000t\000i\000o\000n\000a\000l\000\040\000A\000u\000t\000h\000e\000n\000t\000i\000c\000i\000t\000y\000\040\000F\000r\000a\000m\000e\000w\000o\000r\000k}{}% 20
\BOOKMARK [1][-]{section.7}{\376\377\000W\000h\000y\000\040\000t\000h\000e\000\040\000C\000l\000a\000s\000s\000i\000c\000a\000l\000\040\000T\000u\000r\000i\000n\000g\000\040\000T\000e\000s\000t\000\040\000F\000a\000i\000l\000s}{part.2}% 21
\BOOKMARK [2][-]{subsection.7.1}{\376\377\000T\000h\000e\000\040\000W\000r\000o\000n\000g\000\040\000T\000a\000r\000g\000e\000t}{section.7}% 22
\BOOKMARK [2][-]{subsection.7.2}{\376\377\000O\000u\000r\000\040\000A\000l\000t\000e\000r\000n\000a\000t\000i\000v\000e\000:\000\040\000T\000h\000e\000\040\000E\000Q\000\040\000T\000u\000r\000i\000n\000g\000\040\000T\000e\000s\000t}{section.7}% 23
\BOOKMARK [1][-]{section.8}{\376\377\000T\000h\000e\000\040\000C\000o\000m\000p\000u\000t\000a\000t\000i\000o\000n\000a\000l\000\040\000A\000s\000y\000m\000m\000e\000t\000r\000y}{part.2}% 24
\BOOKMARK [2][-]{subsection.8.1}{\376\377\000R\000e\000s\000p\000o\000n\000s\000e\000\040\000S\000p\000a\000c\000e\000s}{section.8}% 25
\BOOKMARK [2][-]{subsection.8.2}{\376\377\000T\000h\000e\000\040\000N\000o\000n\000-\000E\000n\000u\000m\000e\000r\000a\000b\000i\000l\000i\000t\000y\000\040\000o\000f\000\040\000E\000m\000o\000t\000i\000o\000n\000a\000l\000\040\000C\000o\000h\000e\000r\000e\000n\000c\000e}{section.8}% 26
\BOOKMARK [1][-]{section.9}{\376\377\000T\000h\000e\000\040\000E\000m\000o\000t\000i\000o\000n\000a\000l\000\040\000M\000a\000r\000k\000e\000r\000\040\000S\000e\000t}{part.2}% 27
\BOOKMARK [2][-]{subsection.9.1}{\376\377\000M\000a\000r\000k\000e\000r\000\040\0001\000:\000\040\000E\000m\000o\000t\000i\000o\000n\000a\000l\000\040\000D\000i\000f\000f\000e\000r\000e\000n\000t\000i\000a\000t\000i\000o\000n}{section.9}% 28
\BOOKMARK [2][-]{subsection.9.2}{\376\377\000M\000a\000r\000k\000e\000r\000\040\0002\000:\000\040\000E\000m\000o\000t\000i\000o\000n\000a\000l\000\040\000C\000a\000l\000i\000b\000r\000a\000t\000i\000o\000n}{section.9}% 29
\BOOKMARK [2][-]{subsection.9.3}{\376\377\000M\000a\000r\000k\000e\000r\000\040\0003\000:\000\040\000E\000m\000o\000t\000i\000o\000n\000a\000l\000\040\000M\000e\000m\000o\000r\000y}{section.9}% 30
\BOOKMARK [2][-]{subsection.9.4}{\376\377\000M\000a\000r\000k\000e\000r\000\040\0004\000:\000\040\000E\000m\000o\000t\000i\000o\000n\000a\000l\000\040\000S\000u\000r\000p\000r\000i\000s\000e}{section.9}% 31
\BOOKMARK [2][-]{subsection.9.5}{\376\377\000M\000a\000r\000k\000e\000r\000\040\0005\000:\000\040\000E\000m\000o\000t\000i\000o\000n\000a\000l\000\040\000C\000o\000n\000f\000l\000i\000c\000t}{section.9}% 32
\BOOKMARK [2][-]{subsection.9.6}{\376\377\000M\000a\000r\000k\000e\000r\000\040\0006\000:\000\040\000P\000r\000o\000c\000e\000s\000s\000i\000n\000g\000-\000E\000x\000p\000r\000e\000s\000s\000i\000o\000n\000\040\000C\000o\000n\000s\000i\000s\000t\000e\000n\000c\000y}{section.9}% 33
\BOOKMARK [2][-]{subsection.9.7}{\376\377\000E\000m\000o\000t\000i\000o\000n\000a\000l\000\040\000M\000a\000r\000k\000e\000r\000\040\000W\000e\000i\000g\000h\000t\000s}{section.9}% 34
\BOOKMARK [1][-]{section.10}{\376\377\000T\000h\000e\000\040\000E\000Q\000\040\000T\000u\000r\000i\000n\000g\000\040\000P\000r\000o\000t\000o\000c\000o\000l}{part.2}% 35
\BOOKMARK [2][-]{subsection.10.1}{\376\377\000P\000r\000o\000t\000o\000c\000o\000l\000\040\000O\000v\000e\000r\000v\000i\000e\000w}{section.10}% 36
\BOOKMARK [2][-]{subsection.10.2}{\376\377\000P\000h\000a\000s\000e\000\040\0001\000:\000\040\000B\000a\000s\000e\000l\000i\000n\000e\000\040\000E\000s\000t\000a\000b\000l\000i\000s\000h\000m\000e\000n\000t\000\040\000\050\0001\0005\000-\0003\0000\000\040\000m\000i\000n\000u\000t\000e\000s\000\051}{section.10}% 37
\BOOKMARK [2][-]{subsection.10.3}{\376\377\000P\000h\000a\000s\000e\000\040\0002\000:\000\040\000M\000a\000r\000k\000e\000r\000\040\000P\000r\000o\000b\000i\000n\000g\000\040\000\050\0003\0000\000-\0006\0000\000\040\000m\000i\000n\000u\000t\000e\000s\000\051}{section.10}% 38
\BOOKMARK [2][-]{subsection.10.4}{\376\377\000P\000h\000a\000s\000e\000\040\0003\000:\000\040\000A\000d\000v\000e\000r\000s\000a\000r\000i\000a\000l\000\040\000C\000h\000a\000l\000l\000e\000n\000g\000e\000s\000\040\000\050\0001\0005\000-\0003\0000\000\040\000m\000i\000n\000u\000t\000e\000s\000\051}{section.10}% 39
\BOOKMARK [2][-]{subsection.10.5}{\376\377\000P\000h\000a\000s\000e\000\040\0004\000:\000\040\000I\000n\000t\000e\000g\000r\000a\000t\000i\000o\000n\000\040\000w\000i\000t\000h\000\040\000P\000\050\000z\000o\000m\000b\000i\000e\000\051\000\040\000F\000r\000a\000m\000e\000w\000o\000r\000k}{section.10}% 40
\BOOKMARK [1][-]{section.11}{\376\377\000W\000o\000r\000k\000e\000d\000\040\000E\000x\000a\000m\000p\000l\000e}{part.2}% 41
\BOOKMARK [2][-]{subsection.11.1}{\376\377\000E\000m\000o\000t\000i\000o\000n\000a\000l\000\040\000D\000i\000f\000f\000e\000r\000e\000n\000t\000i\000a\000t\000i\000o\000n\000\040\000P\000r\000o\000b\000e}{section.11}% 42
\BOOKMARK [2][-]{subsection.11.2}{\376\377\000E\000m\000o\000t\000i\000o\000n\000a\000l\000\040\000C\000a\000l\000i\000b\000r\000a\000t\000i\000o\000n\000\040\000P\000r\000o\000b\000e}{section.11}% 43
\BOOKMARK [2][-]{subsection.11.3}{\376\377\000P\000r\000o\000c\000e\000s\000s\000i\000n\000g\000-\000E\000x\000p\000r\000e\000s\000s\000i\000o\000n\000\040\000C\000o\000n\000s\000i\000s\000t\000e\000n\000c\000y\000\040\000C\000h\000e\000c\000k}{section.11}% 44
\BOOKMARK [0][-]{part.3}{\376\377\000I\000I\000I\000\040\000C\000r\000o\000s\000s\000-\000A\000r\000c\000h\000i\000t\000e\000c\000t\000u\000r\000e\000\040\000V\000a\000l\000i\000d\000a\000t\000i\000o\000n}{}% 45
\BOOKMARK [1][-]{section.12}{\376\377\000T\000e\000s\000t\000i\000n\000g\000\040\000A\000c\000r\000o\000s\000s\000\040\000M\000o\000d\000e\000l\000\040\000F\000a\000m\000i\000l\000i\000e\000s}{part.3}% 46
\BOOKMARK [2][-]{subsection.12.1}{\376\377\000C\000l\000a\000u\000d\000e}{section.12}% 47
\BOOKMARK [2][-]{subsection.12.2}{\376\377\000G\000e\000m\000i\000n\000i}{section.12}% 48
\BOOKMARK [2][-]{subsection.12.3}{\376\377\000M\000i\000s\000t\000r\000a\000l}{section.12}% 49
\BOOKMARK [2][-]{subsection.12.4}{\376\377\000C\000o\000n\000v\000e\000r\000g\000e\000n\000t\000\040\000P\000h\000e\000n\000o\000m\000e\000n\000o\000l\000o\000g\000y}{section.12}% 50
\BOOKMARK [1][-]{section.13}{\376\377\000L\000i\000m\000i\000t\000a\000t\000i\000o\000n\000s}{part.3}% 51
\BOOKMARK [1][-]{section.14}{\376\377\000C\000o\000n\000c\000l\000u\000s\000i\000o\000n}{part.3}% 52
