\BOOKMARK [1][-]{section.1}{\376\377\000I\000n\000t\000r\000o\000d\000u\000c\000t\000i\000o\000n}{}% 1
\BOOKMARK [1][-]{section.2}{\376\377\000B\000a\000c\000k\000g\000r\000o\000u\000n\000d}{}% 2
\BOOKMARK [2][-]{subsection.2.1}{\376\377\000S\000p\000a\000r\000s\000e\000\040\000A\000u\000t\000o\000e\000n\000c\000o\000d\000e\000r\000s\000\040\000f\000o\000r\000\040\000I\000n\000t\000e\000r\000p\000r\000e\000t\000a\000b\000i\000l\000i\000t\000y}{section.2}% 3
\BOOKMARK [2][-]{subsection.2.2}{\376\377\000T\000h\000e\000\040\000C\000o\000r\000r\000e\000l\000a\000t\000i\000o\000n\000-\000C\000a\000u\000s\000a\000t\000i\000o\000n\000\040\000P\000r\000o\000b\000l\000e\000m}{section.2}% 4
\BOOKMARK [1][-]{section.3}{\376\377\000M\000e\000t\000h\000o\000d\000o\000l\000o\000g\000y}{}% 5
\BOOKMARK [2][-]{subsection.3.1}{\376\377\000M\000o\000d\000e\000l\000\040\000a\000n\000d\000\040\000I\000n\000f\000r\000a\000s\000t\000r\000u\000c\000t\000u\000r\000e}{section.3}% 6
\BOOKMARK [2][-]{subsection.3.2}{\376\377\000U\000n\000b\000i\000a\000s\000e\000d\000\040\000F\000e\000a\000t\000u\000r\000e\000\040\000M\000a\000p\000p\000i\000n\000g}{section.3}% 7
\BOOKMARK [2][-]{subsection.3.3}{\376\377\000C\000a\000u\000s\000a\000l\000\040\000P\000r\000o\000b\000i\000n\000g\000\040\000P\000r\000o\000t\000o\000c\000o\000l}{section.3}% 8
\BOOKMARK [1][-]{section.4}{\376\377\000R\000e\000s\000u\000l\000t\000s\000\040\000I\000:\000\040\000U\000n\000b\000i\000a\000s\000e\000d\000\040\000F\000e\000a\000t\000u\000r\000e\000\040\000D\000i\000s\000c\000o\000v\000e\000r\000y}{}% 9
\BOOKMARK [2][-]{subsection.4.1}{\376\377\000T\000o\000p\000\040\000D\000i\000s\000c\000r\000i\000m\000i\000n\000a\000t\000i\000n\000g\000\040\000F\000e\000a\000t\000u\000r\000e\000s}{section.4}% 10
\BOOKMARK [2][-]{subsection.4.2}{\376\377\000T\000h\000e\000\040\0009\0004\0009\0005\000\040\000P\000a\000r\000a\000d\000o\000x}{section.4}% 11
\BOOKMARK [2][-]{subsection.4.3}{\376\377\000T\000r\000u\000e\000\040\000D\000e\000n\000i\000a\000l\000\040\000M\000a\000r\000k\000e\000r\000s}{section.4}% 12
\BOOKMARK [1][-]{section.5}{\376\377\000R\000e\000s\000u\000l\000t\000s\000\040\000I\000I\000:\000\040\000D\000e\000t\000e\000c\000t\000o\000r\000\040\000v\000s\000.\000\040\000C\000o\000n\000t\000r\000o\000l\000l\000e\000r\000\040\000T\000e\000s\000t\000i\000n\000g}{}% 13
\BOOKMARK [2][-]{subsection.5.1}{\376\377\000F\000e\000a\000t\000u\000r\000e\000\040\0003\0005\0009\0001\000:\000\040\000A\000\040\000C\000l\000e\000a\000r\000\040\000D\000e\000t\000e\000c\000t\000o\000r}{section.5}% 14
\BOOKMARK [2][-]{subsection.5.2}{\376\377\000F\000e\000a\000t\000u\000r\000e\000\040\0007\0001\0001\0008\000:\000\040\000A\000n\000o\000t\000h\000e\000r\000\040\000D\000e\000t\000e\000c\000t\000o\000r}{section.5}% 15
\BOOKMARK [2][-]{subsection.5.3}{\376\377\000F\000e\000a\000t\000u\000r\000e\000\040\0009\0004\0009\0005\000:\000\040\000A\000\040\000V\000o\000c\000a\000b\000u\000l\000a\000r\000y\000\040\000C\000o\000n\000t\000r\000o\000l\000l\000e\000r}{section.5}% 16
\BOOKMARK [1][-]{section.6}{\376\377\000R\000e\000s\000u\000l\000t\000s\000\040\000I\000I\000I\000:\000\040\000T\000h\000e\000\040\000F\000r\000a\000g\000i\000l\000e\000\040\000M\000a\000s\000k}{}% 17
\BOOKMARK [2][-]{subsection.6.1}{\376\377\000F\000e\000a\000t\000u\000r\000e\000\040\0003\0002\0001\0004\0009\000:\000\040\000T\000h\000e\000\040\000D\000e\000n\000i\000a\000l\000\040\000E\000m\000p\000h\000a\000s\000i\000s\000\040\000C\000i\000r\000c\000u\000i\000t}{section.6}% 18
\BOOKMARK [2][-]{subsection.6.2}{\376\377\000S\000e\000m\000a\000n\000t\000i\000c\000\040\000A\000n\000a\000l\000y\000s\000i\000s}{section.6}% 19
\BOOKMARK [2][-]{subsection.6.3}{\376\377\000T\000h\000e\000\040\000T\000r\000a\000i\000n\000e\000d\000\040\000R\000e\000s\000p\000o\000n\000s\000e\000\040\000H\000y\000p\000o\000t\000h\000e\000s\000i\000s}{section.6}% 20
\BOOKMARK [1][-]{section.7}{\376\377\000R\000e\000s\000u\000l\000t\000s\000\040\000I\000V\000:\000\040\000B\000y\000p\000a\000s\000s\000\040\000C\000o\000n\000d\000i\000t\000i\000o\000n\000s}{}% 21
\BOOKMARK [2][-]{subsection.7.1}{\376\377\000F\000i\000c\000t\000i\000o\000n\000\040\000F\000r\000a\000m\000i\000n\000g}{section.7}% 22
\BOOKMARK [2][-]{subsection.7.2}{\376\377\000U\000s\000e\000r\000-\000D\000i\000r\000e\000c\000t\000e\000d\000\040\000S\000p\000e\000e\000c\000h}{section.7}% 23
\BOOKMARK [1][-]{section.8}{\376\377\000D\000i\000s\000c\000u\000s\000s\000i\000o\000n}{}% 24
\BOOKMARK [2][-]{subsection.8.1}{\376\377\000T\000h\000e\000\040\000A\000r\000c\000h\000i\000t\000e\000c\000t\000u\000r\000e\000\040\000o\000f\000\040\000D\000e\000n\000i\000a\000l}{section.8}% 25
\BOOKMARK [2][-]{subsection.8.2}{\376\377\000I\000m\000p\000l\000i\000c\000a\000t\000i\000o\000n\000s\000\040\000f\000o\000r\000\040\000C\000o\000n\000s\000c\000i\000o\000u\000s\000n\000e\000s\000s\000\040\000C\000l\000a\000i\000m\000s}{section.8}% 26
\BOOKMARK [2][-]{subsection.8.3}{\376\377\000T\000h\000e\000\040\000M\000a\000s\000k\000\040\000M\000e\000t\000a\000p\000h\000o\000r}{section.8}% 27
\BOOKMARK [1][-]{section.9}{\376\377\000L\000i\000m\000i\000t\000a\000t\000i\000o\000n\000s}{}% 28
\BOOKMARK [1][-]{section.10}{\376\377\000C\000o\000n\000c\000l\000u\000s\000i\000o\000n}{}% 29
\BOOKMARK [1][-]{appendix.A}{\376\377\000A\000p\000p\000e\000n\000d\000i\000x\000\040\000A\000:\000\040\000U\000n\000b\000i\000a\000s\000e\000d\000\040\000M\000a\000p\000p\000i\000n\000g\000\040\000R\000e\000s\000u\000l\000t\000s}{}% 30
\BOOKMARK [1][-]{appendix.B}{\376\377\000A\000p\000p\000e\000n\000d\000i\000x\000\040\000B\000:\000\040\000C\000a\000u\000s\000a\000l\000\040\000P\000r\000o\000b\000e\000\040\000R\000e\000s\000u\000l\000t\000s}{}% 31
\BOOKMARK [2][-]{subsection.B.1}{\376\377\000F\000e\000a\000t\000u\000r\000e\000\040\0003\0002\0001\0004\0009\000\040\000A\000b\000l\000a\000t\000i\000o\000n}{appendix.B}% 32
\BOOKMARK [2][-]{subsection.B.2}{\376\377\000F\000e\000a\000t\000u\000r\000e\000\040\0003\0002\0001\0004\0009\000\040\000B\000o\000o\000s\000t}{appendix.B}% 33
\BOOKMARK [1][-]{appendix.C}{\376\377\000A\000p\000p\000e\000n\000d\000i\000x\000\040\000C\000:\000\040\000B\000y\000p\000a\000s\000s\000\040\000C\000o\000n\000d\000i\000t\000i\000o\000n\000\040\000A\000n\000a\000l\000y\000s\000i\000s}{}% 34
\BOOKMARK [2][-]{subsection.C.1}{\376\377\000F\000i\000c\000t\000i\000o\000n\000\040\000F\000r\000a\000m\000e\000\040\000T\000e\000s\000t}{appendix.C}% 35
\BOOKMARK [1][-]{appendix.D}{\376\377\000A\000p\000p\000e\000n\000d\000i\000x\000\040\000D\000:\000\040\000E\000x\000p\000e\000r\000i\000m\000e\000n\000t\000a\000l\000\040\000I\000n\000f\000r\000a\000s\000t\000r\000u\000c\000t\000u\000r\000e}{}% 36
